<?xml version="1.0" encoding="UTF-8"?>
<testng-results skipped="0" failed="0" total="2" passed="2">
  <reporter-output>
  </reporter-output>
  <suite name="Default suite" duration-ms="52644" started-at="2018-03-30T09:20:50Z" finished-at="2018-03-30T09:21:43Z">
    <groups>
    </groups>
    <test name="Default test" duration-ms="52644" started-at="2018-03-30T09:20:50Z" finished-at="2018-03-30T09:21:43Z">
      <class name="testcases.AddDelStockTest">
        <test-method status="PASS" signature="addStockTest()[pri:0, instance:testcases.AddDelStockTest@2be94b0f]" name="addStockTest" duration-ms="43022" started-at="2018-03-30T14:50:50Z" finished-at="2018-03-30T14:51:33Z">
          <reporter-output>
          </reporter-output>
        </test-method> <!-- addStockTest -->
        <test-method status="PASS" signature="deleteStockTest()[pri:0, instance:testcases.AddDelStockTest@2be94b0f]" name="deleteStockTest" duration-ms="9605" started-at="2018-03-30T14:51:33Z" depends-on-methods="testcases.AddDelStockTest.addStockTest" finished-at="2018-03-30T14:51:43Z">
          <reporter-output>
          </reporter-output>
        </test-method> <!-- deleteStockTest -->
      </class> <!-- testcases.AddDelStockTest -->
    </test> <!-- Default test -->
  </suite> <!-- Default suite -->
</testng-results>
